Arguments: 
  /usr/local/Cellar/node/8.1.4/bin/node /usr/local/bin/yarn info

PATH: 
  /Users/mohnstrudel/.rvm/gems/ruby-2.4.0/bin:/Users/mohnstrudel/.rvm/gems/ruby-2.4.0@global/bin:/Users/mohnstrudel/.rvm/rubies/ruby-2.4.0/bin:/usr/local/bin:/usr/bin:/bin:/usr/sbin:/sbin:/usr/local/git/bin:/usr/texbin:/Users/mohnstrudel/.rvm/bin:/usr/local/git

Yarn version: 
  0.27.5

Node version: 
  8.1.4

Platform: 
  darwin x64

npm manifest: 
  {
    "dependencies": {
      "jquery": "^3.2.1"
    }
  }

yarn manifest: 
  No manifest

Lockfile: 
  # THIS IS AN AUTOGENERATED FILE. DO NOT EDIT THIS FILE DIRECTLY.
  # yarn lockfile v1
  
  
  jquery@^3.2.1:
    version "3.2.1"
    resolved "https://registry.yarnpkg.com/jquery/-/jquery-3.2.1.tgz#5c4d9de652af6cd0a770154a631bba12b015c787"

Trace: 
  TypeError: Invalid attempt to destructure non-iterable instance
      at /usr/local/Cellar/yarn/0.27.5/libexec/lib/yarn-cli.js:1639:13
      at parsePackageName (/usr/local/Cellar/yarn/0.27.5/libexec/lib/yarn-cli.js:83439:81)
      at Object.<anonymous> (/usr/local/Cellar/yarn/0.27.5/libexec/lib/yarn-cli.js:76608:90)
      at Generator.next (<anonymous>)
      at step (/usr/local/Cellar/yarn/0.27.5/libexec/lib/yarn-cli.js:91:30)
      at /usr/local/Cellar/yarn/0.27.5/libexec/lib/yarn-cli.js:102:13
      at <anonymous>
